{"logTime": "0616/074513", "correlationVector":"/kE2zPOUt6FQhqpIX9vrB4.1","action":"SyncServerConnectionManagerRequest", "result":"SYNC_SERVER_OK", "context":{"environment":"Prod_WestEurope_000l", "migrationStage":"NotStarted", "server":"GENERAL01000021"}}
{"logTime": "0616/074514", "correlationVector":"z9F0yp4cOcjHHsmR7mJ+VI","action":"SyncServerConnectionManagerRequest", "result":"SYNC_SERVER_OK", "context":{"environment":"", "migrationStage":"", "server":""}}
{"logTime": "0616/074514", "correlationVector":"/kE2zPOUt6FQhqpIX9vrB4","action":"Initial GetUpdates", "result":"", "context":Reason: NEW_CLIENT. cV=/kE2zPOUt6FQhqpIX9vrB4}
{"logTime": "0616/074514", "correlationVector":"/kE2zPOUt6FQhqpIX9vrB4.2","action":"GetUpdates Response", "result":"Success", "context":Received 1 update(s). cV=/kE2zPOUt6FQhqpIX9vrB4.0;server=GENERAL01000021;cloudType=Consumer;environment=Prod_WestEurope_000l;migrationStage=NotStarted}
{"logTime": "0616/074514", "correlationVector":"pGT+H0lPfuMLGHPdj4SwMh","action":"Initial GetUpdates", "result":"", "context":Reason: NEWLY_SUPPORTED_DATATYPE. cV=pGT+H0lPfuMLGHPdj4SwMh}
{"logTime": "0616/074514", "correlationVector":"pGT+H0lPfuMLGHPdj4SwMh.1","action":"SyncServerConnectionManagerRequest", "result":"SYNC_SERVER_OK", "context":{"environment":"Prod_WestEurope_000l", "migrationStage":"NotStarted", "server":"GENERAL01000018"}}
{"logTime": "0616/074514", "correlationVector":"pGT+H0lPfuMLGHPdj4SwMh.2","action":"GetUpdates Response", "result":"Success", "context":Received 12 update(s). cV=pGT+H0lPfuMLGHPdj4SwMh.0;server=GENERAL01000018;cloudType=Consumer;environment=Prod_WestEurope_000l;migrationStage=NotStarted}
{"logTime": "0616/074514", "correlationVector":"mq7nhgKY8HizX6BBcxmI0G","action":"Normal GetUpdate request", "result":"", "context":cV=mq7nhgKY8HizX6BBcxmI0G
Nudged types: Device Info, User Consents
Refresh requested types: Device Info, User Consents, Send Tab To Self, Encryption Keys}
{"logTime": "0616/074514", "correlationVector":"mq7nhgKY8HizX6BBcxmI0G.1","action":"SyncServerConnectionManagerRequest", "result":"SYNC_SERVER_OK", "context":{"environment":"Prod_WestEurope_000l", "migrationStage":"NotStarted", "server":"GENERAL0100000X"}}
{"logTime": "0616/074514", "correlationVector":"mq7nhgKY8HizX6BBcxmI0G.2","action":"GetUpdates Response", "result":"Success", "context":Received 0 update(s). cV=mq7nhgKY8HizX6BBcxmI0G.0;server=GENERAL0100000X;cloudType=Consumer;environment=Prod_WestEurope_000l;migrationStage=NotStarted}
{"logTime": "0616/074514", "correlationVector":"5jJyMKreXd4bU0boqW2X+1","action":"Commit Request", "result":"", "context":Item count: 2
Contributing types: Device Info, User Consents}
{"logTime": "0616/074515", "correlationVector":"5jJyMKreXd4bU0boqW2X+1.1","action":"SyncServerConnectionManagerRequest", "result":"SYNC_SERVER_OK", "context":{"environment":"Prod_WestEurope_000l", "migrationStage":"NotStarted", "server":"GENERAL0100000Z"}}
{"logTime": "0616/074515", "correlationVector":"5jJyMKreXd4bU0boqW2X+1.2","action":"Commit Response", "result":"Success", "context":Result: Success. cV=5jJyMKreXd4bU0boqW2X+1.0;server=GENERAL0100000Z;cloudType=Consumer;environment=Prod_WestEurope_000l;migrationStage=NotStarted}
{"logTime": "0616/074515", "correlationVector":"NvcX//SGnx8LYyercs+UIj","action":"Normal GetUpdate request", "result":"", "context":cV=NvcX//SGnx8LYyercs+UIj
Nudged types: Device Info}
{"logTime": "0616/074516", "correlationVector":"NvcX//SGnx8LYyercs+UIj.1","action":"SyncServerConnectionManagerRequest", "result":"SYNC_SERVER_OK", "context":{"environment":"Prod_WestEurope_000l", "migrationStage":"NotStarted", "server":"GENERAL0100000X"}}
{"logTime": "0616/074516", "correlationVector":"NvcX//SGnx8LYyercs+UIj.2","action":"GetUpdates Response", "result":"Success", "context":Received 1 update(s). cV=NvcX//SGnx8LYyercs+UIj.0;server=GENERAL0100000X;cloudType=Consumer;environment=Prod_WestEurope_000l;migrationStage=NotStarted}
{"logTime": "0616/074922", "correlationVector":"i0M3x1PfKdNPJHsahZ9vJm.1","action":"SyncServerConnectionManagerRequest", "result":"SYNC_SERVER_OK", "context":{"environment":"Prod_WestEurope_000l", "migrationStage":"NotStarted", "server":"GENERAL01000009"}}
{"logTime": "0616/074922", "correlationVector":"27wQnLpAkcuhX3QvpqaJN7","action":"SyncServerConnectionManagerRequest", "result":"SYNC_SERVER_OK", "context":{"environment":"", "migrationStage":"", "server":""}}
{"logTime": "0616/074922", "correlationVector":"i0M3x1PfKdNPJHsahZ9vJm","action":"Initial GetUpdates", "result":"", "context":Reason: NEW_CLIENT. cV=i0M3x1PfKdNPJHsahZ9vJm}
{"logTime": "0616/074922", "correlationVector":"i0M3x1PfKdNPJHsahZ9vJm.2","action":"GetUpdates Response", "result":"Success", "context":Received 1 update(s). cV=i0M3x1PfKdNPJHsahZ9vJm.0;server=GENERAL01000009;cloudType=Consumer;environment=Prod_WestEurope_000l;migrationStage=NotStarted}
{"logTime": "0616/074922", "correlationVector":"qSAVJpNkR0S4u2ShG/0iOx","action":"Normal GetUpdate request", "result":"", "context":cV=qSAVJpNkR0S4u2ShG/0iOx
Refresh requested types: Device Info, User Consents, Send Tab To Self, Encryption Keys}
{"logTime": "0616/074922", "correlationVector":"qSAVJpNkR0S4u2ShG/0iOx.1","action":"SyncServerConnectionManagerRequest", "result":"SYNC_SERVER_OK", "context":{"environment":"Prod_WestEurope_000l", "migrationStage":"NotStarted", "server":"GENERAL0100001D"}}
{"logTime": "0616/074922", "correlationVector":"qSAVJpNkR0S4u2ShG/0iOx.2","action":"GetUpdates Response", "result":"Success", "context":Received 0 update(s). cV=qSAVJpNkR0S4u2ShG/0iOx.0;server=GENERAL0100001D;cloudType=Consumer;environment=Prod_WestEurope_000l;migrationStage=NotStarted}
{"logTime": "0616/075214", "correlationVector":"CTpcIlSoty8yO06Jx5/xMx.1","action":"SyncServerConnectionManagerRequest", "result":"SYNC_SERVER_OK", "context":{"environment":"Prod_WestEurope_x00e", "migrationStage":"NotStarted", "server":"GENERAL0200000Q"}}
{"logTime": "0616/075214", "correlationVector":"vH9W9ocAMd75uZ3FfQPeuB","action":"SyncServerConnectionManagerRequest", "result":"SYNC_SERVER_OK", "context":{"environment":"", "migrationStage":"", "server":""}}
{"logTime": "0616/075214", "correlationVector":"CTpcIlSoty8yO06Jx5/xMx","action":"Initial GetUpdates", "result":"", "context":Reason: NEW_CLIENT. cV=CTpcIlSoty8yO06Jx5/xMx}
{"logTime": "0616/075214", "correlationVector":"CTpcIlSoty8yO06Jx5/xMx.2","action":"GetUpdates Response", "result":"Success", "context":Received 1 update(s). cV=CTpcIlSoty8yO06Jx5/xMx.0;server=GENERAL0200000Q;cloudType=Consumer;environment=Prod_WestEurope_x00e;migrationStage=NotStarted}
{"logTime": "0616/075214", "correlationVector":"Wff+/Y44V0xK9mgJtahW9C","action":"Normal GetUpdate request", "result":"", "context":cV=Wff+/Y44V0xK9mgJtahW9C
Refresh requested types: Device Info, User Consents, Send Tab To Self, Encryption Keys}
{"logTime": "0616/075214", "correlationVector":"Wff+/Y44V0xK9mgJtahW9C.1","action":"SyncServerConnectionManagerRequest", "result":"SYNC_SERVER_OK", "context":{"environment":"Prod_WestEurope_x00e", "migrationStage":"NotStarted", "server":"GENERAL02000011"}}
{"logTime": "0616/075214", "correlationVector":"Wff+/Y44V0xK9mgJtahW9C.2","action":"GetUpdates Response", "result":"Success", "context":Received 0 update(s). cV=Wff+/Y44V0xK9mgJtahW9C.0;server=GENERAL02000011;cloudType=Consumer;environment=Prod_WestEurope_x00e;migrationStage=NotStarted}
{"logTime": "0616/075535", "correlationVector":"0OEKEU7zB2ofUBXM3DyuTx.1","action":"SyncServerConnectionManagerRequest", "result":"SYNC_SERVER_OK", "context":{"environment":"Prod_WestEurope_x00e", "migrationStage":"NotStarted", "server":"GENERAL02000011"}}
{"logTime": "0616/075535", "correlationVector":"bkLVONONhat8PdcfgumyOO","action":"SyncServerConnectionManagerRequest", "result":"SYNC_SERVER_OK", "context":{"environment":"", "migrationStage":"", "server":""}}
{"logTime": "0616/075535", "correlationVector":"0OEKEU7zB2ofUBXM3DyuTx","action":"Initial GetUpdates", "result":"", "context":Reason: NEW_CLIENT. cV=0OEKEU7zB2ofUBXM3DyuTx}
{"logTime": "0616/075535", "correlationVector":"0OEKEU7zB2ofUBXM3DyuTx.2","action":"GetUpdates Response", "result":"Success", "context":Received 1 update(s). cV=0OEKEU7zB2ofUBXM3DyuTx.0;server=GENERAL02000011;cloudType=Consumer;environment=Prod_WestEurope_x00e;migrationStage=NotStarted}
{"logTime": "0616/075535", "correlationVector":"wix57WGkOt+qu2ne8BxoLL","action":"Normal GetUpdate request", "result":"", "context":cV=wix57WGkOt+qu2ne8BxoLL
Refresh requested types: Device Info, User Consents, Send Tab To Self, Encryption Keys}
{"logTime": "0616/075535", "correlationVector":"wix57WGkOt+qu2ne8BxoLL.1","action":"SyncServerConnectionManagerRequest", "result":"SYNC_SERVER_OK", "context":{"environment":"Prod_WestEurope_x00e", "migrationStage":"NotStarted", "server":"GENERAL02000024"}}
{"logTime": "0616/075535", "correlationVector":"wix57WGkOt+qu2ne8BxoLL.2","action":"GetUpdates Response", "result":"Success", "context":Received 0 update(s). cV=wix57WGkOt+qu2ne8BxoLL.0;server=GENERAL02000024;cloudType=Consumer;environment=Prod_WestEurope_x00e;migrationStage=NotStarted}
{"logTime": "0616/080027", "correlationVector":"hDJroyCkgldAS8Rk/JOP+C","action":"Normal GetUpdate request", "result":"", "context":cV=hDJroyCkgldAS8Rk/JOP+C
Refresh requested types: Device Info, User Consents, Send Tab To Self, Encryption Keys}
{"logTime": "0616/080028", "correlationVector":"hDJroyCkgldAS8Rk/JOP+C.1","action":"SyncServerConnectionManagerRequest", "result":"SYNC_SERVER_OK", "context":{"environment":"Prod_WestEurope_000l", "migrationStage":"NotStarted", "server":"GENERAL01000016"}}
{"logTime": "0616/080028", "correlationVector":"hDJroyCkgldAS8Rk/JOP+C.2","action":"GetUpdates Response", "result":"Success", "context":Received 0 update(s). cV=hDJroyCkgldAS8Rk/JOP+C.0;server=GENERAL01000016;cloudType=Consumer;environment=Prod_WestEurope_000l;migrationStage=NotStarted}
